Compiling the C compiler identification source file "CMakeCCompilerId.c" failed.
Compiler: /usr/bin/gcc 
Build flags: 
Id flags:  

The output was:
69

You have not agreed to the Xcode license agreements, please run 'sudo xcodebuild -license' from within a Terminal window to review and agree to the Xcode license agreements.


Compiling the C compiler identification source file "CMakeCCompilerId.c" failed.
Compiler: /usr/bin/gcc 
Build flags: 
Id flags: -c 

The output was:
69

You have not agreed to the Xcode license agreements, please run 'sudo xcodebuild -license' from within a Terminal window to review and agree to the Xcode license agreements.


Compiling the C compiler identification source file "CMakeCCompilerId.c" failed.
Compiler: /usr/bin/gcc 
Build flags: 
Id flags: -Aa 

The output was:
69

You have not agreed to the Xcode license agreements, please run 'sudo xcodebuild -license' from within a Terminal window to review and agree to the Xcode license agreements.


Compiling the C compiler identification source file "CMakeCCompilerId.c" failed.
Compiler: /usr/bin/gcc 
Build flags: 
Id flags: -D__CLASSIC_C__ 

The output was:
69

You have not agreed to the Xcode license agreements, please run 'sudo xcodebuild -license' from within a Terminal window to review and agree to the Xcode license agreements.


Compiling the C compiler identification source file "CMakeCCompilerId.c" failed.
Compiler: /usr/bin/gcc 
Build flags: 
Id flags: --target=arm-arm-none-eabi;-mcpu=cortex-m3 

The output was:
69

You have not agreed to the Xcode license agreements, please run 'sudo xcodebuild -license' from within a Terminal window to review and agree to the Xcode license agreements.


Compiling the C compiler identification source file "CMakeCCompilerId.c" failed.
Compiler: /usr/bin/gcc 
Build flags: 
Id flags: -c;-I__does_not_exist__ 

The output was:
69

You have not agreed to the Xcode license agreements, please run 'sudo xcodebuild -license' from within a Terminal window to review and agree to the Xcode license agreements.


Compiling the C compiler identification source file "CMakeCCompilerId.c" failed.
Compiler: /usr/bin/gcc 
Build flags: 
Id flags:  

The output was:
69

You have not agreed to the Xcode license agreements, please run 'sudo xcodebuild -license' from within a Terminal window to review and agree to the Xcode license agreements.


Compiling the C compiler identification source file "CMakeCCompilerId.c" failed.
Compiler: /usr/bin/gcc 
Build flags: 
Id flags: -c 

The output was:
69

You have not agreed to the Xcode license agreements, please run 'sudo xcodebuild -license' from within a Terminal window to review and agree to the Xcode license agreements.


Compiling the C compiler identification source file "CMakeCCompilerId.c" failed.
Compiler: /usr/bin/gcc 
Build flags: 
Id flags: -Aa 

The output was:
69

You have not agreed to the Xcode license agreements, please run 'sudo xcodebuild -license' from within a Terminal window to review and agree to the Xcode license agreements.


Compiling the C compiler identification source file "CMakeCCompilerId.c" failed.
Compiler: /usr/bin/gcc 
Build flags: 
Id flags: -D__CLASSIC_C__ 

The output was:
69

You have not agreed to the Xcode license agreements, please run 'sudo xcodebuild -license' from within a Terminal window to review and agree to the Xcode license agreements.


Compiling the C compiler identification source file "CMakeCCompilerId.c" failed.
Compiler: /usr/bin/gcc 
Build flags: 
Id flags: --target=arm-arm-none-eabi;-mcpu=cortex-m3 

The output was:
69

You have not agreed to the Xcode license agreements, please run 'sudo xcodebuild -license' from within a Terminal window to review and agree to the Xcode license agreements.


Compiling the C compiler identification source file "CMakeCCompilerId.c" failed.
Compiler: /usr/bin/gcc 
Build flags: 
Id flags: -c;-I__does_not_exist__ 

The output was:
69

You have not agreed to the Xcode license agreements, please run 'sudo xcodebuild -license' from within a Terminal window to review and agree to the Xcode license agreements.


Checking whether the C compiler is IAR using "" did not match "IAR .+ Compiler":

You have not agreed to the Xcode license agreements, please run 'sudo xcodebuild -license' from within a Terminal window to review and agree to the Xcode license agreements.
Checking whether the C compiler is IAR using "" did not match "IAR .+ Compiler":

You have not agreed to the Xcode license agreements, please run 'sudo xcodebuild -license' from within a Terminal window to review and agree to the Xcode license agreements.
Compiling the CXX compiler identification source file "CMakeCXXCompilerId.cpp" failed.
Compiler: /usr/bin/g++ 
Build flags: 
Id flags:  

The output was:
69

You have not agreed to the Xcode license agreements, please run 'sudo xcodebuild -license' from within a Terminal window to review and agree to the Xcode license agreements.


Compiling the CXX compiler identification source file "CMakeCXXCompilerId.cpp" failed.
Compiler: /usr/bin/g++ 
Build flags: 
Id flags: -c 

The output was:
69

You have not agreed to the Xcode license agreements, please run 'sudo xcodebuild -license' from within a Terminal window to review and agree to the Xcode license agreements.


Compiling the CXX compiler identification source file "CMakeCXXCompilerId.cpp" failed.
Compiler: /usr/bin/g++ 
Build flags: 
Id flags: --c++ 

The output was:
69

You have not agreed to the Xcode license agreements, please run 'sudo xcodebuild -license' from within a Terminal window to review and agree to the Xcode license agreements.


Compiling the CXX compiler identification source file "CMakeCXXCompilerId.cpp" failed.
Compiler: /usr/bin/g++ 
Build flags: 
Id flags: --ec++ 

The output was:
69

You have not agreed to the Xcode license agreements, please run 'sudo xcodebuild -license' from within a Terminal window to review and agree to the Xcode license agreements.


Compiling the CXX compiler identification source file "CMakeCXXCompilerId.cpp" failed.
Compiler: /usr/bin/g++ 
Build flags: 
Id flags: --target=arm-arm-none-eabi;-mcpu=cortex-m3 

The output was:
69

You have not agreed to the Xcode license agreements, please run 'sudo xcodebuild -license' from within a Terminal window to review and agree to the Xcode license agreements.


Compiling the CXX compiler identification source file "CMakeCXXCompilerId.cpp" failed.
Compiler: /usr/bin/g++ 
Build flags: 
Id flags: -c;-I__does_not_exist__ 

The output was:
69

You have not agreed to the Xcode license agreements, please run 'sudo xcodebuild -license' from within a Terminal window to review and agree to the Xcode license agreements.


Compiling the CXX compiler identification source file "CMakeCXXCompilerId.cpp" failed.
Compiler: /usr/bin/g++ 
Build flags: 
Id flags:  

The output was:
69

You have not agreed to the Xcode license agreements, please run 'sudo xcodebuild -license' from within a Terminal window to review and agree to the Xcode license agreements.


Compiling the CXX compiler identification source file "CMakeCXXCompilerId.cpp" failed.
Compiler: /usr/bin/g++ 
Build flags: 
Id flags: -c 

The output was:
69

You have not agreed to the Xcode license agreements, please run 'sudo xcodebuild -license' from within a Terminal window to review and agree to the Xcode license agreements.


Compiling the CXX compiler identification source file "CMakeCXXCompilerId.cpp" failed.
Compiler: /usr/bin/g++ 
Build flags: 
Id flags: --c++ 

The output was:
69

You have not agreed to the Xcode license agreements, please run 'sudo xcodebuild -license' from within a Terminal window to review and agree to the Xcode license agreements.


Compiling the CXX compiler identification source file "CMakeCXXCompilerId.cpp" failed.
Compiler: /usr/bin/g++ 
Build flags: 
Id flags: --ec++ 

The output was:
69

You have not agreed to the Xcode license agreements, please run 'sudo xcodebuild -license' from within a Terminal window to review and agree to the Xcode license agreements.


Compiling the CXX compiler identification source file "CMakeCXXCompilerId.cpp" failed.
Compiler: /usr/bin/g++ 
Build flags: 
Id flags: --target=arm-arm-none-eabi;-mcpu=cortex-m3 

The output was:
69

You have not agreed to the Xcode license agreements, please run 'sudo xcodebuild -license' from within a Terminal window to review and agree to the Xcode license agreements.


Compiling the CXX compiler identification source file "CMakeCXXCompilerId.cpp" failed.
Compiler: /usr/bin/g++ 
Build flags: 
Id flags: -c;-I__does_not_exist__ 

The output was:
69

You have not agreed to the Xcode license agreements, please run 'sudo xcodebuild -license' from within a Terminal window to review and agree to the Xcode license agreements.


Checking whether the CXX compiler is IAR using "" did not match "IAR .+ Compiler":

You have not agreed to the Xcode license agreements, please run 'sudo xcodebuild -license' from within a Terminal window to review and agree to the Xcode license agreements.
Checking whether the CXX compiler is IAR using "" did not match "IAR .+ Compiler":

You have not agreed to the Xcode license agreements, please run 'sudo xcodebuild -license' from within a Terminal window to review and agree to the Xcode license agreements.
Detecting C compiler ABI info failed to compile with the following output:
Change Dir: /Users/husky/大二上/数据结构/Homework/cmake-build-debug/CMakeFiles/CMakeTmp

Run Build Command(s):/Users/husky/Library/Application Support/JetBrains/Toolbox/apps/CLion/ch-0/222.4345.21/CLion.app/Contents/bin/ninja/mac/ninja cmTC_6e8ce && [1/2] Building C object CMakeFiles/cmTC_6e8ce.dir/CMakeCCompilerABI.c.o
FAILED: CMakeFiles/cmTC_6e8ce.dir/CMakeCCompilerABI.c.o 
/usr/bin/gcc   -arch arm64 -o CMakeFiles/cmTC_6e8ce.dir/CMakeCCompilerABI.c.o -c '/Users/husky/Library/Application Support/JetBrains/Toolbox/apps/CLion/ch-0/222.4345.21/CLion.app/Contents/bin/cmake/mac/share/cmake-3.23/Modules/CMakeCCompilerABI.c'

You have not agreed to the Xcode license agreements, please run 'sudo xcodebuild -license' from within a Terminal window to review and agree to the Xcode license agreements.
ninja: build stopped: subcommand failed.




Determining if the C compiler works failed with the following output:
Change Dir: /Users/husky/大二上/数据结构/Homework/cmake-build-debug/CMakeFiles/CMakeTmp

Run Build Command(s):/Users/husky/Library/Application Support/JetBrains/Toolbox/apps/CLion/ch-0/222.4345.21/CLion.app/Contents/bin/ninja/mac/ninja cmTC_8c70d && [1/2] Building C object CMakeFiles/cmTC_8c70d.dir/testCCompiler.c.o
FAILED: CMakeFiles/cmTC_8c70d.dir/testCCompiler.c.o 
/usr/bin/gcc   -arch arm64 -o CMakeFiles/cmTC_8c70d.dir/testCCompiler.c.o -c '/Users/husky/大二上/数据结构/Homework/cmake-build-debug/CMakeFiles/CMakeTmp/testCCompiler.c'

You have not agreed to the Xcode license agreements, please run 'sudo xcodebuild -license' from within a Terminal window to review and agree to the Xcode license agreements.
ninja: build stopped: subcommand failed.



